2014-11-28 17:36:46,489 [Worker-4] INFO  o.e.m.c.i.l.LifecycleMappingFactory - Using org.eclipse.m2e.jdt.JarLifecycleMapping lifecycle mapping for MavenProject: org.teamsweq:DPZones:0.0.1-SNAPSHOT @ /Users/Josh/TeamSweq/DPZones/DPZones/pom.xml.
2014-11-28 17:36:46,818 [Worker-4] INFO  o.e.m.j.i.AbstractJavaProjectConfigurator - Adding source folder /DPZones/src/main/java
2014-11-28 17:36:46,821 [Worker-4] INFO  o.e.m.j.i.AbstractJavaProjectConfigurator - Adding resource folder /DPZones/src/main/resources
2014-11-28 17:36:46,822 [Worker-4] INFO  o.e.m.j.i.AbstractJavaProjectConfigurator - Adding source folder /DPZones/src/test/java
2014-11-28 17:36:46,823 [Worker-4] INFO  o.e.m.j.i.AbstractJavaProjectConfigurator - Adding resource folder /DPZones/src/test/resources
2014-11-28 17:36:48,194 [Worker-3] INFO  o.e.m.c.i.l.LifecycleMappingFactory - Using org.eclipse.m2e.jdt.JarLifecycleMapping lifecycle mapping for MavenProject: org.teamsweq:DPZones:0.0.1-SNAPSHOT @ /Users/Josh/TeamSweq/DPZones/DPZones/pom.xml.
2014-11-28 17:36:48,265 [Worker-2] INFO  o.e.m.c.i.l.LifecycleMappingFactory - Using org.eclipse.m2e.jdt.JarLifecycleMapping lifecycle mapping for MavenProject: org.teamsweq:DPZones:0.0.1-SNAPSHOT @ /Users/Josh/TeamSweq/DPZones/DPZones/pom.xml.
2014-11-28 17:36:48,340 [Worker-2] WARN  o.e.m.c.i.embedder.EclipseLogger - Using platform encoding (US-ASCII actually) to copy filtered resources, i.e. build is platform dependent!
2014-11-28 17:36:48,346 [Worker-2] INFO  o.e.m.c.i.embedder.EclipseLogger - Copying 0 resource
2014-11-28 17:36:48,349 [Worker-2] WARN  o.e.m.c.i.embedder.EclipseLogger - Using platform encoding (US-ASCII actually) to copy filtered resources, i.e. build is platform dependent!
2014-11-28 17:36:48,350 [Worker-2] INFO  o.e.m.c.i.embedder.EclipseLogger - Copying 0 resource
2014-11-28 17:36:49,401 [Worker-0] INFO  o.e.m.c.i.l.LifecycleMappingFactory - Using org.eclipse.m2e.jdt.JarLifecycleMapping lifecycle mapping for MavenProject: org.teamsweq:DPZones:0.0.1-SNAPSHOT @ /Users/Josh/TeamSweq/DPZones/DPZones/pom.xml.
2014-11-28 17:36:50,041 [Worker-1] WARN  o.e.m.c.i.embedder.EclipseLogger - Using platform encoding (US-ASCII actually) to copy filtered resources, i.e. build is platform dependent!
2014-11-28 17:36:50,044 [Worker-1] INFO  o.e.m.c.i.embedder.EclipseLogger - Copying 0 resource
2014-11-28 17:36:50,046 [Worker-1] WARN  o.e.m.c.i.embedder.EclipseLogger - Using platform encoding (US-ASCII actually) to copy filtered resources, i.e. build is platform dependent!
2014-11-28 17:36:50,062 [Worker-1] INFO  o.e.m.c.i.embedder.EclipseLogger - Copying 0 resource
2014-11-28 17:37:45,962 [Worker-1] INFO  o.e.m.c.i.l.LifecycleMappingFactory - Using org.eclipse.m2e.jdt.JarLifecycleMapping lifecycle mapping for MavenProject: org.teamsweq:DPZones:0.0.1-SNAPSHOT @ /Users/Josh/TeamSweq/DPZones/DPZones/pom.xml.
2014-11-28 17:37:46,100 [Worker-1] WARN  o.e.m.c.i.embedder.EclipseLogger - Using platform encoding (US-ASCII actually) to copy filtered resources, i.e. build is platform dependent!
2014-11-28 17:37:46,100 [Worker-1] INFO  o.e.m.c.i.embedder.EclipseLogger - Copying 0 resource
2014-11-28 17:37:46,102 [Worker-1] WARN  o.e.m.c.i.embedder.EclipseLogger - Using platform encoding (US-ASCII actually) to copy filtered resources, i.e. build is platform dependent!
2014-11-28 17:37:46,103 [Worker-1] INFO  o.e.m.c.i.embedder.EclipseLogger - Copying 0 resource
2014-11-28 17:38:10,892 [Worker-1] INFO  o.e.m.c.i.p.ProjectConfigurationManager - Update started
2014-11-28 17:38:10,923 [Worker-1] INFO  o.e.m.c.i.l.LifecycleMappingFactory - Using org.eclipse.m2e.jdt.JarLifecycleMapping lifecycle mapping for MavenProject: org.teamsweq:DPZones:0.0.1-SNAPSHOT @ /Users/Josh/TeamSweq/DPZones/DPZones/pom.xml.
2014-11-28 17:38:10,970 [Worker-1] INFO  o.e.m.j.i.AbstractJavaProjectConfigurator - Adding source folder /DPZones/src/main/java
2014-11-28 17:38:10,970 [Worker-1] INFO  o.e.m.j.i.AbstractJavaProjectConfigurator - Adding resource folder /DPZones/src/main/resources
2014-11-28 17:38:10,971 [Worker-1] INFO  o.e.m.j.i.AbstractJavaProjectConfigurator - Adding source folder /DPZones/src/test/java
2014-11-28 17:38:10,971 [Worker-1] INFO  o.e.m.j.i.AbstractJavaProjectConfigurator - Adding resource folder /DPZones/src/test/resources
2014-11-28 17:38:11,131 [Worker-1] INFO  o.e.m.c.i.l.LifecycleMappingFactory - Using org.eclipse.m2e.jdt.JarLifecycleMapping lifecycle mapping for MavenProject: org.teamsweq:DPZones:0.0.1-SNAPSHOT @ /Users/Josh/TeamSweq/DPZones/DPZones/pom.xml.
2014-11-28 17:38:11,176 [Worker-1] INFO  o.e.m.c.i.p.ProjectConfigurationManager - Update completed: 0 sec
2014-11-28 17:38:11,303 [Worker-1] WARN  o.e.m.c.i.embedder.EclipseLogger - Using platform encoding (US-ASCII actually) to copy filtered resources, i.e. build is platform dependent!
2014-11-28 17:38:11,305 [Worker-1] INFO  o.e.m.c.i.embedder.EclipseLogger - Copying 0 resource
2014-11-28 17:38:11,308 [Worker-1] WARN  o.e.m.c.i.embedder.EclipseLogger - Using platform encoding (US-ASCII actually) to copy filtered resources, i.e. build is platform dependent!
2014-11-28 17:38:11,310 [Worker-1] INFO  o.e.m.c.i.embedder.EclipseLogger - Copying 0 resource
2014-11-28 17:38:38,452 [Worker-1] WARN  o.e.m.c.i.embedder.EclipseLogger - Using platform encoding (US-ASCII actually) to copy filtered resources, i.e. build is platform dependent!
2014-11-28 17:38:38,453 [Worker-1] INFO  o.e.m.c.i.embedder.EclipseLogger - Copying 0 resource
2014-11-28 17:38:38,454 [Worker-1] WARN  o.e.m.c.i.embedder.EclipseLogger - Using platform encoding (US-ASCII actually) to copy filtered resources, i.e. build is platform dependent!
2014-11-28 17:38:38,455 [Worker-1] INFO  o.e.m.c.i.embedder.EclipseLogger - Copying 0 resource
2014-11-28 17:39:16,401 [Worker-4] WARN  o.e.m.c.i.embedder.EclipseLogger - Using platform encoding (US-ASCII actually) to copy filtered resources, i.e. build is platform dependent!
2014-11-28 17:39:16,403 [Worker-4] INFO  o.e.m.c.i.embedder.EclipseLogger - Copying 0 resource
2014-11-28 17:39:16,405 [Worker-4] WARN  o.e.m.c.i.embedder.EclipseLogger - Using platform encoding (US-ASCII actually) to copy filtered resources, i.e. build is platform dependent!
2014-11-28 17:39:16,405 [Worker-4] INFO  o.e.m.c.i.embedder.EclipseLogger - Copying 0 resource
2014-11-28 17:39:28,983 [Worker-2] WARN  o.e.m.c.i.embedder.EclipseLogger - Using platform encoding (US-ASCII actually) to copy filtered resources, i.e. build is platform dependent!
2014-11-28 17:39:28,984 [Worker-2] INFO  o.e.m.c.i.embedder.EclipseLogger - Copying 0 resource
2014-11-28 17:39:28,985 [Worker-2] WARN  o.e.m.c.i.embedder.EclipseLogger - Using platform encoding (US-ASCII actually) to copy filtered resources, i.e. build is platform dependent!
2014-11-28 17:39:28,986 [Worker-2] INFO  o.e.m.c.i.embedder.EclipseLogger - Copying 0 resource
2014-11-28 17:39:30,007 [Worker-5] WARN  o.e.m.c.i.embedder.EclipseLogger - Using platform encoding (US-ASCII actually) to copy filtered resources, i.e. build is platform dependent!
2014-11-28 17:39:30,008 [Worker-5] INFO  o.e.m.c.i.embedder.EclipseLogger - Copying 0 resource
2014-11-28 17:39:30,013 [Worker-5] WARN  o.e.m.c.i.embedder.EclipseLogger - Using platform encoding (US-ASCII actually) to copy filtered resources, i.e. build is platform dependent!
2014-11-28 17:39:30,014 [Worker-5] INFO  o.e.m.c.i.embedder.EclipseLogger - Copying 0 resource
2014-11-28 17:40:20,842 [Worker-4] WARN  o.e.m.c.i.embedder.EclipseLogger - Using platform encoding (US-ASCII actually) to copy filtered resources, i.e. build is platform dependent!
2014-11-28 17:40:20,844 [Worker-4] INFO  o.e.m.c.i.embedder.EclipseLogger - Copying 0 resource
2014-11-28 17:40:20,847 [Worker-4] WARN  o.e.m.c.i.embedder.EclipseLogger - Using platform encoding (US-ASCII actually) to copy filtered resources, i.e. build is platform dependent!
2014-11-28 17:40:20,848 [Worker-4] INFO  o.e.m.c.i.embedder.EclipseLogger - Copying 0 resource
2014-11-28 17:40:44,883 [Worker-1] WARN  o.e.m.c.i.embedder.EclipseLogger - Using platform encoding (US-ASCII actually) to copy filtered resources, i.e. build is platform dependent!
2014-11-28 17:40:44,884 [Worker-1] INFO  o.e.m.c.i.embedder.EclipseLogger - Copying 0 resource
2014-11-28 17:40:44,885 [Worker-1] WARN  o.e.m.c.i.embedder.EclipseLogger - Using platform encoding (US-ASCII actually) to copy filtered resources, i.e. build is platform dependent!
2014-11-28 17:40:44,886 [Worker-1] INFO  o.e.m.c.i.embedder.EclipseLogger - Copying 0 resource
2014-11-28 17:40:55,084 [Worker-2] WARN  o.e.m.c.i.embedder.EclipseLogger - Using platform encoding (US-ASCII actually) to copy filtered resources, i.e. build is platform dependent!
2014-11-28 17:40:55,085 [Worker-2] INFO  o.e.m.c.i.embedder.EclipseLogger - Copying 0 resource
2014-11-28 17:40:55,086 [Worker-2] WARN  o.e.m.c.i.embedder.EclipseLogger - Using platform encoding (US-ASCII actually) to copy filtered resources, i.e. build is platform dependent!
2014-11-28 17:40:55,087 [Worker-2] INFO  o.e.m.c.i.embedder.EclipseLogger - Copying 0 resource
2014-11-28 17:41:09,658 [Worker-5] WARN  o.e.m.c.i.embedder.EclipseLogger - Using platform encoding (US-ASCII actually) to copy filtered resources, i.e. build is platform dependent!
2014-11-28 17:41:09,659 [Worker-5] INFO  o.e.m.c.i.embedder.EclipseLogger - Copying 0 resource
2014-11-28 17:41:09,660 [Worker-5] WARN  o.e.m.c.i.embedder.EclipseLogger - Using platform encoding (US-ASCII actually) to copy filtered resources, i.e. build is platform dependent!
2014-11-28 17:41:09,661 [Worker-5] INFO  o.e.m.c.i.embedder.EclipseLogger - Copying 0 resource
2014-11-28 17:41:12,925 [Worker-0] WARN  o.e.m.c.i.embedder.EclipseLogger - Using platform encoding (US-ASCII actually) to copy filtered resources, i.e. build is platform dependent!
2014-11-28 17:41:12,926 [Worker-0] INFO  o.e.m.c.i.embedder.EclipseLogger - Copying 0 resource
2014-11-28 17:41:12,927 [Worker-0] WARN  o.e.m.c.i.embedder.EclipseLogger - Using platform encoding (US-ASCII actually) to copy filtered resources, i.e. build is platform dependent!
2014-11-28 17:41:12,928 [Worker-0] INFO  o.e.m.c.i.embedder.EclipseLogger - Copying 0 resource
2014-11-28 17:41:42,953 [Worker-1] WARN  o.e.m.c.i.embedder.EclipseLogger - Using platform encoding (US-ASCII actually) to copy filtered resources, i.e. build is platform dependent!
2014-11-28 17:41:42,954 [Worker-1] INFO  o.e.m.c.i.embedder.EclipseLogger - Copying 0 resource
2014-11-28 17:41:42,956 [Worker-1] WARN  o.e.m.c.i.embedder.EclipseLogger - Using platform encoding (US-ASCII actually) to copy filtered resources, i.e. build is platform dependent!
2014-11-28 17:41:42,956 [Worker-1] INFO  o.e.m.c.i.embedder.EclipseLogger - Copying 0 resource
2014-11-28 17:41:47,524 [Worker-6] WARN  o.e.m.c.i.embedder.EclipseLogger - Using platform encoding (US-ASCII actually) to copy filtered resources, i.e. build is platform dependent!
2014-11-28 17:41:47,525 [Worker-6] INFO  o.e.m.c.i.embedder.EclipseLogger - Copying 0 resource
2014-11-28 17:41:47,528 [Worker-6] WARN  o.e.m.c.i.embedder.EclipseLogger - Using platform encoding (US-ASCII actually) to copy filtered resources, i.e. build is platform dependent!
2014-11-28 17:41:47,530 [Worker-6] INFO  o.e.m.c.i.embedder.EclipseLogger - Copying 0 resource
2014-11-28 17:42:02,448 [Worker-3] WARN  o.e.m.c.i.embedder.EclipseLogger - Using platform encoding (US-ASCII actually) to copy filtered resources, i.e. build is platform dependent!
2014-11-28 17:42:02,449 [Worker-3] INFO  o.e.m.c.i.embedder.EclipseLogger - Copying 0 resource
2014-11-28 17:42:02,452 [Worker-3] WARN  o.e.m.c.i.embedder.EclipseLogger - Using platform encoding (US-ASCII actually) to copy filtered resources, i.e. build is platform dependent!
2014-11-28 17:42:02,452 [Worker-3] INFO  o.e.m.c.i.embedder.EclipseLogger - Copying 0 resource
2014-11-28 17:42:05,495 [Worker-7] WARN  o.e.m.c.i.embedder.EclipseLogger - Using platform encoding (US-ASCII actually) to copy filtered resources, i.e. build is platform dependent!
2014-11-28 17:42:05,497 [Worker-7] INFO  o.e.m.c.i.embedder.EclipseLogger - Copying 0 resource
2014-11-28 17:42:05,499 [Worker-7] WARN  o.e.m.c.i.embedder.EclipseLogger - Using platform encoding (US-ASCII actually) to copy filtered resources, i.e. build is platform dependent!
2014-11-28 17:42:05,500 [Worker-7] INFO  o.e.m.c.i.embedder.EclipseLogger - Copying 0 resource
2014-11-28 17:42:21,123 [Worker-6] WARN  o.e.m.c.i.embedder.EclipseLogger - Using platform encoding (US-ASCII actually) to copy filtered resources, i.e. build is platform dependent!
2014-11-28 17:42:21,124 [Worker-6] INFO  o.e.m.c.i.embedder.EclipseLogger - Copying 0 resource
2014-11-28 17:42:21,126 [Worker-6] WARN  o.e.m.c.i.embedder.EclipseLogger - Using platform encoding (US-ASCII actually) to copy filtered resources, i.e. build is platform dependent!
2014-11-28 17:42:21,127 [Worker-6] INFO  o.e.m.c.i.embedder.EclipseLogger - Copying 0 resource
2014-11-28 17:42:45,773 [Worker-2] WARN  o.e.m.c.i.embedder.EclipseLogger - Using platform encoding (US-ASCII actually) to copy filtered resources, i.e. build is platform dependent!
2014-11-28 17:42:45,774 [Worker-2] INFO  o.e.m.c.i.embedder.EclipseLogger - Copying 0 resource
2014-11-28 17:42:45,776 [Worker-2] WARN  o.e.m.c.i.embedder.EclipseLogger - Using platform encoding (US-ASCII actually) to copy filtered resources, i.e. build is platform dependent!
2014-11-28 17:42:45,777 [Worker-2] INFO  o.e.m.c.i.embedder.EclipseLogger - Copying 0 resource
2014-11-28 17:42:48,859 [Worker-0] WARN  o.e.m.c.i.embedder.EclipseLogger - Using platform encoding (US-ASCII actually) to copy filtered resources, i.e. build is platform dependent!
2014-11-28 17:42:48,860 [Worker-0] INFO  o.e.m.c.i.embedder.EclipseLogger - Copying 0 resource
2014-11-28 17:42:48,862 [Worker-0] WARN  o.e.m.c.i.embedder.EclipseLogger - Using platform encoding (US-ASCII actually) to copy filtered resources, i.e. build is platform dependent!
2014-11-28 17:42:48,863 [Worker-0] INFO  o.e.m.c.i.embedder.EclipseLogger - Copying 0 resource
2014-11-28 17:43:14,206 [Worker-7] WARN  o.e.m.c.i.embedder.EclipseLogger - Using platform encoding (US-ASCII actually) to copy filtered resources, i.e. build is platform dependent!
2014-11-28 17:43:14,207 [Worker-7] INFO  o.e.m.c.i.embedder.EclipseLogger - Copying 0 resource
2014-11-28 17:43:14,209 [Worker-7] WARN  o.e.m.c.i.embedder.EclipseLogger - Using platform encoding (US-ASCII actually) to copy filtered resources, i.e. build is platform dependent!
2014-11-28 17:43:14,209 [Worker-7] INFO  o.e.m.c.i.embedder.EclipseLogger - Copying 0 resource
2014-11-28 17:43:17,242 [Worker-6] WARN  o.e.m.c.i.embedder.EclipseLogger - Using platform encoding (US-ASCII actually) to copy filtered resources, i.e. build is platform dependent!
2014-11-28 17:43:17,243 [Worker-6] INFO  o.e.m.c.i.embedder.EclipseLogger - Copying 0 resource
2014-11-28 17:43:17,245 [Worker-6] WARN  o.e.m.c.i.embedder.EclipseLogger - Using platform encoding (US-ASCII actually) to copy filtered resources, i.e. build is platform dependent!
2014-11-28 17:43:17,245 [Worker-6] INFO  o.e.m.c.i.embedder.EclipseLogger - Copying 0 resource
2014-11-28 17:43:28,949 [Worker-4] WARN  o.e.m.c.i.embedder.EclipseLogger - Using platform encoding (US-ASCII actually) to copy filtered resources, i.e. build is platform dependent!
2014-11-28 17:43:28,950 [Worker-4] INFO  o.e.m.c.i.embedder.EclipseLogger - Copying 0 resource
2014-11-28 17:43:28,952 [Worker-4] WARN  o.e.m.c.i.embedder.EclipseLogger - Using platform encoding (US-ASCII actually) to copy filtered resources, i.e. build is platform dependent!
2014-11-28 17:43:28,953 [Worker-4] INFO  o.e.m.c.i.embedder.EclipseLogger - Copying 0 resource
2014-11-28 17:43:40,573 [Worker-2] WARN  o.e.m.c.i.embedder.EclipseLogger - Using platform encoding (US-ASCII actually) to copy filtered resources, i.e. build is platform dependent!
2014-11-28 17:43:40,574 [Worker-2] INFO  o.e.m.c.i.embedder.EclipseLogger - Copying 0 resource
2014-11-28 17:43:40,576 [Worker-2] WARN  o.e.m.c.i.embedder.EclipseLogger - Using platform encoding (US-ASCII actually) to copy filtered resources, i.e. build is platform dependent!
2014-11-28 17:43:40,576 [Worker-2] INFO  o.e.m.c.i.embedder.EclipseLogger - Copying 0 resource
2014-11-28 17:43:43,502 [Worker-4] WARN  o.e.m.c.i.embedder.EclipseLogger - Using platform encoding (US-ASCII actually) to copy filtered resources, i.e. build is platform dependent!
2014-11-28 17:43:43,502 [Worker-4] INFO  o.e.m.c.i.embedder.EclipseLogger - Copying 0 resource
2014-11-28 17:43:43,504 [Worker-4] WARN  o.e.m.c.i.embedder.EclipseLogger - Using platform encoding (US-ASCII actually) to copy filtered resources, i.e. build is platform dependent!
2014-11-28 17:43:43,504 [Worker-4] INFO  o.e.m.c.i.embedder.EclipseLogger - Copying 0 resource
2014-11-28 17:43:45,474 [Worker-3] WARN  o.e.m.c.i.embedder.EclipseLogger - Using platform encoding (US-ASCII actually) to copy filtered resources, i.e. build is platform dependent!
2014-11-28 17:43:45,475 [Worker-3] INFO  o.e.m.c.i.embedder.EclipseLogger - Copying 0 resource
2014-11-28 17:43:45,477 [Worker-3] WARN  o.e.m.c.i.embedder.EclipseLogger - Using platform encoding (US-ASCII actually) to copy filtered resources, i.e. build is platform dependent!
2014-11-28 17:43:45,477 [Worker-3] INFO  o.e.m.c.i.embedder.EclipseLogger - Copying 0 resource
2014-11-28 17:43:48,637 [Worker-5] WARN  o.e.m.c.i.embedder.EclipseLogger - Using platform encoding (US-ASCII actually) to copy filtered resources, i.e. build is platform dependent!
2014-11-28 17:43:48,638 [Worker-5] INFO  o.e.m.c.i.embedder.EclipseLogger - Copying 0 resource
2014-11-28 17:43:48,640 [Worker-5] WARN  o.e.m.c.i.embedder.EclipseLogger - Using platform encoding (US-ASCII actually) to copy filtered resources, i.e. build is platform dependent!
2014-11-28 17:43:48,641 [Worker-5] INFO  o.e.m.c.i.embedder.EclipseLogger - Copying 0 resource
2014-11-28 17:43:50,433 [Worker-7] WARN  o.e.m.c.i.embedder.EclipseLogger - Using platform encoding (US-ASCII actually) to copy filtered resources, i.e. build is platform dependent!
2014-11-28 17:43:50,434 [Worker-7] INFO  o.e.m.c.i.embedder.EclipseLogger - Copying 0 resource
2014-11-28 17:43:50,435 [Worker-7] WARN  o.e.m.c.i.embedder.EclipseLogger - Using platform encoding (US-ASCII actually) to copy filtered resources, i.e. build is platform dependent!
2014-11-28 17:43:50,436 [Worker-7] INFO  o.e.m.c.i.embedder.EclipseLogger - Copying 0 resource
2014-11-28 17:44:01,559 [Worker-5] WARN  o.e.m.c.i.embedder.EclipseLogger - Using platform encoding (US-ASCII actually) to copy filtered resources, i.e. build is platform dependent!
2014-11-28 17:44:01,560 [Worker-5] INFO  o.e.m.c.i.embedder.EclipseLogger - Copying 0 resource
2014-11-28 17:44:01,561 [Worker-5] WARN  o.e.m.c.i.embedder.EclipseLogger - Using platform encoding (US-ASCII actually) to copy filtered resources, i.e. build is platform dependent!
2014-11-28 17:44:01,562 [Worker-5] INFO  o.e.m.c.i.embedder.EclipseLogger - Copying 0 resource
2014-11-28 17:44:18,678 [Worker-7] WARN  o.e.m.c.i.embedder.EclipseLogger - Using platform encoding (US-ASCII actually) to copy filtered resources, i.e. build is platform dependent!
2014-11-28 17:44:18,679 [Worker-7] INFO  o.e.m.c.i.embedder.EclipseLogger - Copying 0 resource
2014-11-28 17:44:18,681 [Worker-7] WARN  o.e.m.c.i.embedder.EclipseLogger - Using platform encoding (US-ASCII actually) to copy filtered resources, i.e. build is platform dependent!
2014-11-28 17:44:18,681 [Worker-7] INFO  o.e.m.c.i.embedder.EclipseLogger - Copying 0 resource
2014-11-28 17:44:22,470 [Worker-0] WARN  o.e.m.c.i.embedder.EclipseLogger - Using platform encoding (US-ASCII actually) to copy filtered resources, i.e. build is platform dependent!
2014-11-28 17:44:22,471 [Worker-0] INFO  o.e.m.c.i.embedder.EclipseLogger - Copying 0 resource
2014-11-28 17:44:22,473 [Worker-0] WARN  o.e.m.c.i.embedder.EclipseLogger - Using platform encoding (US-ASCII actually) to copy filtered resources, i.e. build is platform dependent!
2014-11-28 17:44:22,473 [Worker-0] INFO  o.e.m.c.i.embedder.EclipseLogger - Copying 0 resource
2014-11-28 17:44:41,317 [Worker-4] WARN  o.e.m.c.i.embedder.EclipseLogger - Using platform encoding (US-ASCII actually) to copy filtered resources, i.e. build is platform dependent!
2014-11-28 17:44:41,318 [Worker-4] INFO  o.e.m.c.i.embedder.EclipseLogger - Copying 0 resource
2014-11-28 17:44:41,320 [Worker-4] WARN  o.e.m.c.i.embedder.EclipseLogger - Using platform encoding (US-ASCII actually) to copy filtered resources, i.e. build is platform dependent!
2014-11-28 17:44:41,321 [Worker-4] INFO  o.e.m.c.i.embedder.EclipseLogger - Copying 0 resource
2014-11-28 17:44:47,762 [Worker-4] WARN  o.e.m.c.i.embedder.EclipseLogger - Using platform encoding (US-ASCII actually) to copy filtered resources, i.e. build is platform dependent!
2014-11-28 17:44:47,763 [Worker-4] INFO  o.e.m.c.i.embedder.EclipseLogger - Copying 0 resource
2014-11-28 17:44:47,764 [Worker-4] WARN  o.e.m.c.i.embedder.EclipseLogger - Using platform encoding (US-ASCII actually) to copy filtered resources, i.e. build is platform dependent!
2014-11-28 17:44:47,765 [Worker-4] INFO  o.e.m.c.i.embedder.EclipseLogger - Copying 0 resource
2014-11-28 17:45:04,819 [Worker-4] WARN  o.e.m.c.i.embedder.EclipseLogger - Using platform encoding (US-ASCII actually) to copy filtered resources, i.e. build is platform dependent!
2014-11-28 17:45:04,820 [Worker-4] INFO  o.e.m.c.i.embedder.EclipseLogger - Copying 0 resource
2014-11-28 17:45:04,822 [Worker-4] WARN  o.e.m.c.i.embedder.EclipseLogger - Using platform encoding (US-ASCII actually) to copy filtered resources, i.e. build is platform dependent!
2014-11-28 17:45:04,823 [Worker-4] INFO  o.e.m.c.i.embedder.EclipseLogger - Copying 0 resource
2014-11-28 17:45:21,812 [Worker-3] WARN  o.e.m.c.i.embedder.EclipseLogger - Using platform encoding (US-ASCII actually) to copy filtered resources, i.e. build is platform dependent!
2014-11-28 17:45:21,813 [Worker-3] INFO  o.e.m.c.i.embedder.EclipseLogger - Copying 0 resource
2014-11-28 17:45:21,815 [Worker-3] WARN  o.e.m.c.i.embedder.EclipseLogger - Using platform encoding (US-ASCII actually) to copy filtered resources, i.e. build is platform dependent!
2014-11-28 17:45:21,819 [Worker-3] INFO  o.e.m.c.i.embedder.EclipseLogger - Copying 0 resource
2014-11-28 17:45:34,567 [Worker-0] WARN  o.e.m.c.i.embedder.EclipseLogger - Using platform encoding (US-ASCII actually) to copy filtered resources, i.e. build is platform dependent!
2014-11-28 17:45:34,568 [Worker-0] INFO  o.e.m.c.i.embedder.EclipseLogger - Copying 0 resource
2014-11-28 17:45:34,569 [Worker-0] WARN  o.e.m.c.i.embedder.EclipseLogger - Using platform encoding (US-ASCII actually) to copy filtered resources, i.e. build is platform dependent!
2014-11-28 17:45:34,570 [Worker-0] INFO  o.e.m.c.i.embedder.EclipseLogger - Copying 0 resource
2014-11-28 17:45:46,364 [Worker-1] WARN  o.e.m.c.i.embedder.EclipseLogger - Using platform encoding (US-ASCII actually) to copy filtered resources, i.e. build is platform dependent!
2014-11-28 17:45:46,365 [Worker-1] INFO  o.e.m.c.i.embedder.EclipseLogger - Copying 0 resource
2014-11-28 17:45:46,367 [Worker-1] WARN  o.e.m.c.i.embedder.EclipseLogger - Using platform encoding (US-ASCII actually) to copy filtered resources, i.e. build is platform dependent!
2014-11-28 17:45:46,367 [Worker-1] INFO  o.e.m.c.i.embedder.EclipseLogger - Copying 0 resource
2014-11-28 17:46:00,408 [Worker-1] WARN  o.e.m.c.i.embedder.EclipseLogger - Using platform encoding (US-ASCII actually) to copy filtered resources, i.e. build is platform dependent!
2014-11-28 17:46:00,409 [Worker-1] INFO  o.e.m.c.i.embedder.EclipseLogger - Copying 0 resource
2014-11-28 17:46:00,411 [Worker-1] WARN  o.e.m.c.i.embedder.EclipseLogger - Using platform encoding (US-ASCII actually) to copy filtered resources, i.e. build is platform dependent!
2014-11-28 17:46:00,412 [Worker-1] INFO  o.e.m.c.i.embedder.EclipseLogger - Copying 0 resource
2014-11-28 17:46:09,880 [Worker-5] WARN  o.e.m.c.i.embedder.EclipseLogger - Using platform encoding (US-ASCII actually) to copy filtered resources, i.e. build is platform dependent!
2014-11-28 17:46:09,881 [Worker-5] INFO  o.e.m.c.i.embedder.EclipseLogger - Copying 0 resource
2014-11-28 17:46:09,882 [Worker-5] WARN  o.e.m.c.i.embedder.EclipseLogger - Using platform encoding (US-ASCII actually) to copy filtered resources, i.e. build is platform dependent!
2014-11-28 17:46:09,883 [Worker-5] INFO  o.e.m.c.i.embedder.EclipseLogger - Copying 0 resource
2014-11-28 17:46:19,288 [Worker-3] WARN  o.e.m.c.i.embedder.EclipseLogger - Using platform encoding (US-ASCII actually) to copy filtered resources, i.e. build is platform dependent!
2014-11-28 17:46:19,289 [Worker-3] INFO  o.e.m.c.i.embedder.EclipseLogger - Copying 0 resource
2014-11-28 17:46:19,294 [Worker-3] WARN  o.e.m.c.i.embedder.EclipseLogger - Using platform encoding (US-ASCII actually) to copy filtered resources, i.e. build is platform dependent!
2014-11-28 17:46:19,295 [Worker-3] INFO  o.e.m.c.i.embedder.EclipseLogger - Copying 0 resource
2014-11-28 17:46:33,999 [Worker-4] WARN  o.e.m.c.i.embedder.EclipseLogger - Using platform encoding (US-ASCII actually) to copy filtered resources, i.e. build is platform dependent!
2014-11-28 17:46:34,017 [Worker-4] INFO  o.e.m.c.i.embedder.EclipseLogger - Copying 0 resource
2014-11-28 17:46:34,020 [Worker-4] WARN  o.e.m.c.i.embedder.EclipseLogger - Using platform encoding (US-ASCII actually) to copy filtered resources, i.e. build is platform dependent!
2014-11-28 17:46:34,021 [Worker-4] INFO  o.e.m.c.i.embedder.EclipseLogger - Copying 0 resource
2014-11-28 17:46:44,820 [Worker-0] WARN  o.e.m.c.i.embedder.EclipseLogger - Using platform encoding (US-ASCII actually) to copy filtered resources, i.e. build is platform dependent!
2014-11-28 17:46:44,821 [Worker-0] INFO  o.e.m.c.i.embedder.EclipseLogger - Copying 0 resource
2014-11-28 17:46:44,824 [Worker-0] WARN  o.e.m.c.i.embedder.EclipseLogger - Using platform encoding (US-ASCII actually) to copy filtered resources, i.e. build is platform dependent!
2014-11-28 17:46:44,825 [Worker-0] INFO  o.e.m.c.i.embedder.EclipseLogger - Copying 0 resource
2014-11-28 17:46:55,030 [Worker-7] WARN  o.e.m.c.i.embedder.EclipseLogger - Using platform encoding (US-ASCII actually) to copy filtered resources, i.e. build is platform dependent!
2014-11-28 17:46:55,031 [Worker-7] INFO  o.e.m.c.i.embedder.EclipseLogger - Copying 0 resource
2014-11-28 17:46:55,033 [Worker-7] WARN  o.e.m.c.i.embedder.EclipseLogger - Using platform encoding (US-ASCII actually) to copy filtered resources, i.e. build is platform dependent!
2014-11-28 17:46:55,033 [Worker-7] INFO  o.e.m.c.i.embedder.EclipseLogger - Copying 0 resource
2014-11-28 17:47:03,759 [Worker-5] WARN  o.e.m.c.i.embedder.EclipseLogger - Using platform encoding (US-ASCII actually) to copy filtered resources, i.e. build is platform dependent!
2014-11-28 17:47:03,759 [Worker-5] INFO  o.e.m.c.i.embedder.EclipseLogger - Copying 0 resource
2014-11-28 17:47:03,761 [Worker-5] WARN  o.e.m.c.i.embedder.EclipseLogger - Using platform encoding (US-ASCII actually) to copy filtered resources, i.e. build is platform dependent!
2014-11-28 17:47:03,761 [Worker-5] INFO  o.e.m.c.i.embedder.EclipseLogger - Copying 0 resource
2014-11-28 17:49:10,730 [Worker-8] WARN  o.e.m.c.i.embedder.EclipseLogger - Using platform encoding (US-ASCII actually) to copy filtered resources, i.e. build is platform dependent!
2014-11-28 17:49:10,733 [Worker-8] INFO  o.e.m.c.i.embedder.EclipseLogger - Copying 1 resource
2014-11-28 17:49:10,759 [Worker-8] WARN  o.e.m.c.i.embedder.EclipseLogger - Using platform encoding (US-ASCII actually) to copy filtered resources, i.e. build is platform dependent!
2014-11-28 17:49:10,759 [Worker-8] INFO  o.e.m.c.i.embedder.EclipseLogger - Copying 0 resource
2014-11-28 17:50:00,254 [Worker-4] WARN  o.e.m.c.i.embedder.EclipseLogger - Using platform encoding (US-ASCII actually) to copy filtered resources, i.e. build is platform dependent!
2014-11-28 17:50:00,255 [Worker-4] INFO  o.e.m.c.i.embedder.EclipseLogger - Copying 1 resource
2014-11-28 17:50:00,257 [Worker-4] WARN  o.e.m.c.i.embedder.EclipseLogger - Using platform encoding (US-ASCII actually) to copy filtered resources, i.e. build is platform dependent!
2014-11-28 17:50:00,257 [Worker-4] INFO  o.e.m.c.i.embedder.EclipseLogger - Copying 0 resource
2014-11-28 17:50:26,473 [Worker-4] INFO  o.e.m.i.launch.MavenLaunchDelegate - /Users/Josh/TeamSweq/DPZones/DPZones
2014-11-28 17:50:26,474 [Worker-4] INFO  o.e.m.i.launch.MavenLaunchDelegate -  mvn  -B install
2014-11-28 17:50:31,914 [Worker-11] WARN  o.e.m.c.i.embedder.EclipseLogger - Using platform encoding (US-ASCII actually) to copy filtered resources, i.e. build is platform dependent!
2014-11-28 17:50:31,915 [Worker-11] INFO  o.e.m.c.i.embedder.EclipseLogger - Copying 0 resource
2014-11-28 17:50:31,916 [Worker-11] WARN  o.e.m.c.i.embedder.EclipseLogger - Using platform encoding (US-ASCII actually) to copy filtered resources, i.e. build is platform dependent!
2014-11-28 17:50:31,917 [Worker-11] INFO  o.e.m.c.i.embedder.EclipseLogger - Copying 0 resource
2014-11-29 02:13:51,897 [Worker-2] WARN  o.e.m.c.i.embedder.EclipseLogger - Using platform encoding (US-ASCII actually) to copy filtered resources, i.e. build is platform dependent!
2014-11-29 02:13:51,944 [Worker-2] INFO  o.e.m.c.i.embedder.EclipseLogger - Copying 1 resource
2014-11-29 02:13:51,953 [Worker-2] WARN  o.e.m.c.i.embedder.EclipseLogger - Using platform encoding (US-ASCII actually) to copy filtered resources, i.e. build is platform dependent!
2014-11-29 02:13:51,954 [Worker-2] INFO  o.e.m.c.i.embedder.EclipseLogger - Copying 0 resource
2014-11-29 02:16:57,011 [Worker-6] WARN  o.e.m.c.i.embedder.EclipseLogger - Using platform encoding (US-ASCII actually) to copy filtered resources, i.e. build is platform dependent!
2014-11-29 02:16:57,043 [Worker-6] INFO  o.e.m.c.i.embedder.EclipseLogger - Copying 1 resource
2014-11-29 02:16:57,046 [Worker-6] WARN  o.e.m.c.i.embedder.EclipseLogger - Using platform encoding (US-ASCII actually) to copy filtered resources, i.e. build is platform dependent!
2014-11-29 02:16:57,047 [Worker-6] INFO  o.e.m.c.i.embedder.EclipseLogger - Copying 0 resource
2014-11-29 02:17:34,505 [Worker-2] WARN  o.e.m.c.i.embedder.EclipseLogger - Using platform encoding (US-ASCII actually) to copy filtered resources, i.e. build is platform dependent!
2014-11-29 02:17:34,506 [Worker-2] INFO  o.e.m.c.i.embedder.EclipseLogger - Copying 1 resource
2014-11-29 02:17:34,508 [Worker-2] WARN  o.e.m.c.i.embedder.EclipseLogger - Using platform encoding (US-ASCII actually) to copy filtered resources, i.e. build is platform dependent!
2014-11-29 02:17:34,509 [Worker-2] INFO  o.e.m.c.i.embedder.EclipseLogger - Copying 0 resource
2014-11-29 02:19:39,963 [Worker-0] WARN  o.e.m.c.i.embedder.EclipseLogger - Using platform encoding (US-ASCII actually) to copy filtered resources, i.e. build is platform dependent!
2014-11-29 02:19:39,971 [Worker-0] INFO  o.e.m.c.i.embedder.EclipseLogger - Copying 1 resource
2014-11-29 02:19:39,974 [Worker-0] WARN  o.e.m.c.i.embedder.EclipseLogger - Using platform encoding (US-ASCII actually) to copy filtered resources, i.e. build is platform dependent!
2014-11-29 02:19:39,975 [Worker-0] INFO  o.e.m.c.i.embedder.EclipseLogger - Copying 0 resource
2014-11-29 02:20:51,866 [Worker-10] WARN  o.e.m.c.i.embedder.EclipseLogger - Using platform encoding (US-ASCII actually) to copy filtered resources, i.e. build is platform dependent!
2014-11-29 02:20:51,868 [Worker-10] INFO  o.e.m.c.i.embedder.EclipseLogger - Copying 1 resource
2014-11-29 02:20:51,871 [Worker-10] WARN  o.e.m.c.i.embedder.EclipseLogger - Using platform encoding (US-ASCII actually) to copy filtered resources, i.e. build is platform dependent!
2014-11-29 02:20:51,872 [Worker-10] INFO  o.e.m.c.i.embedder.EclipseLogger - Copying 0 resource
2014-11-29 02:21:05,965 [Worker-0] WARN  o.e.m.c.i.embedder.EclipseLogger - Using platform encoding (US-ASCII actually) to copy filtered resources, i.e. build is platform dependent!
2014-11-29 02:21:05,967 [Worker-0] INFO  o.e.m.c.i.embedder.EclipseLogger - Copying 1 resource
2014-11-29 02:21:05,969 [Worker-0] WARN  o.e.m.c.i.embedder.EclipseLogger - Using platform encoding (US-ASCII actually) to copy filtered resources, i.e. build is platform dependent!
2014-11-29 02:21:05,970 [Worker-0] INFO  o.e.m.c.i.embedder.EclipseLogger - Copying 0 resource
2014-11-29 02:22:54,197 [Worker-11] INFO  o.e.m.i.launch.MavenLaunchDelegate - /Users/Josh/TeamSweq/DPZones/DPZones
2014-11-29 02:22:54,225 [Worker-11] INFO  o.e.m.i.launch.MavenLaunchDelegate -  mvn  -B clean
2014-11-29 02:22:58,966 [Worker-10] WARN  o.e.m.c.i.embedder.EclipseLogger - Using platform encoding (US-ASCII actually) to copy filtered resources, i.e. build is platform dependent!
2014-11-29 02:22:58,968 [Worker-10] INFO  o.e.m.c.i.embedder.EclipseLogger - Copying 1 resource
2014-11-29 02:22:58,984 [Worker-10] WARN  o.e.m.c.i.embedder.EclipseLogger - Using platform encoding (US-ASCII actually) to copy filtered resources, i.e. build is platform dependent!
2014-11-29 02:22:58,985 [Worker-10] INFO  o.e.m.c.i.embedder.EclipseLogger - Copying 0 resource
2014-11-29 02:23:07,079 [Worker-13] INFO  o.e.m.i.launch.MavenLaunchDelegate - /Users/Josh/TeamSweq/DPZones/DPZones
2014-11-29 02:23:07,080 [Worker-13] INFO  o.e.m.i.launch.MavenLaunchDelegate -  mvn  -B install
2014-11-29 02:23:15,088 [Worker-12] WARN  o.e.m.c.i.embedder.EclipseLogger - Using platform encoding (US-ASCII actually) to copy filtered resources, i.e. build is platform dependent!
2014-11-29 02:23:15,090 [Worker-12] INFO  o.e.m.c.i.embedder.EclipseLogger - Copying 1 resource
2014-11-29 02:23:15,095 [Worker-12] WARN  o.e.m.c.i.embedder.EclipseLogger - Using platform encoding (US-ASCII actually) to copy filtered resources, i.e. build is platform dependent!
2014-11-29 02:23:15,096 [Worker-12] INFO  o.e.m.c.i.embedder.EclipseLogger - Copying 0 resource
2014-11-29 02:25:50,010 [Worker-10] WARN  o.e.m.c.i.embedder.EclipseLogger - Using platform encoding (US-ASCII actually) to copy filtered resources, i.e. build is platform dependent!
2014-11-29 02:25:50,012 [Worker-10] INFO  o.e.m.c.i.embedder.EclipseLogger - Copying 1 resource
2014-11-29 02:25:50,015 [Worker-10] WARN  o.e.m.c.i.embedder.EclipseLogger - Using platform encoding (US-ASCII actually) to copy filtered resources, i.e. build is platform dependent!
2014-11-29 02:25:50,016 [Worker-10] INFO  o.e.m.c.i.embedder.EclipseLogger - Copying 0 resource
2014-11-29 02:28:11,028 [Worker-10] WARN  o.e.m.c.i.embedder.EclipseLogger - Using platform encoding (US-ASCII actually) to copy filtered resources, i.e. build is platform dependent!
2014-11-29 02:28:11,030 [Worker-10] INFO  o.e.m.c.i.embedder.EclipseLogger - Copying 1 resource
2014-11-29 02:28:11,034 [Worker-10] WARN  o.e.m.c.i.embedder.EclipseLogger - Using platform encoding (US-ASCII actually) to copy filtered resources, i.e. build is platform dependent!
2014-11-29 02:28:11,035 [Worker-10] INFO  o.e.m.c.i.embedder.EclipseLogger - Copying 0 resource
2014-11-29 02:28:30,837 [Worker-19] WARN  o.e.m.c.i.embedder.EclipseLogger - Using platform encoding (US-ASCII actually) to copy filtered resources, i.e. build is platform dependent!
2014-11-29 02:28:30,839 [Worker-19] INFO  o.e.m.c.i.embedder.EclipseLogger - Copying 1 resource
2014-11-29 02:28:30,841 [Worker-19] WARN  o.e.m.c.i.embedder.EclipseLogger - Using platform encoding (US-ASCII actually) to copy filtered resources, i.e. build is platform dependent!
2014-11-29 02:28:30,842 [Worker-19] INFO  o.e.m.c.i.embedder.EclipseLogger - Copying 0 resource
2014-11-29 02:29:26,895 [Worker-10] WARN  o.e.m.c.i.embedder.EclipseLogger - Using platform encoding (US-ASCII actually) to copy filtered resources, i.e. build is platform dependent!
2014-11-29 02:29:26,897 [Worker-10] INFO  o.e.m.c.i.embedder.EclipseLogger - Copying 1 resource
2014-11-29 02:29:26,900 [Worker-10] WARN  o.e.m.c.i.embedder.EclipseLogger - Using platform encoding (US-ASCII actually) to copy filtered resources, i.e. build is platform dependent!
2014-11-29 02:29:26,901 [Worker-10] INFO  o.e.m.c.i.embedder.EclipseLogger - Copying 0 resource
2014-11-29 02:29:36,655 [Worker-15] INFO  o.e.m.i.launch.MavenLaunchDelegate - /Users/Josh/TeamSweq/DPZones/DPZones
2014-11-29 02:29:36,656 [Worker-15] INFO  o.e.m.i.launch.MavenLaunchDelegate -  mvn  -B clean
2014-11-29 02:29:39,620 [Worker-15] WARN  o.e.m.c.i.embedder.EclipseLogger - Using platform encoding (US-ASCII actually) to copy filtered resources, i.e. build is platform dependent!
2014-11-29 02:29:39,622 [Worker-15] INFO  o.e.m.c.i.embedder.EclipseLogger - Copying 1 resource
2014-11-29 02:29:39,627 [Worker-15] WARN  o.e.m.c.i.embedder.EclipseLogger - Using platform encoding (US-ASCII actually) to copy filtered resources, i.e. build is platform dependent!
2014-11-29 02:29:39,628 [Worker-15] INFO  o.e.m.c.i.embedder.EclipseLogger - Copying 0 resource
2014-11-29 02:29:40,834 [Worker-19] INFO  o.e.m.i.launch.MavenLaunchDelegate - /Users/Josh/TeamSweq/DPZones/DPZones
2014-11-29 02:29:40,834 [Worker-19] INFO  o.e.m.i.launch.MavenLaunchDelegate -  mvn  -B install
2014-11-29 02:29:48,031 [Worker-18] WARN  o.e.m.c.i.embedder.EclipseLogger - Using platform encoding (US-ASCII actually) to copy filtered resources, i.e. build is platform dependent!
2014-11-29 02:29:48,033 [Worker-18] INFO  o.e.m.c.i.embedder.EclipseLogger - Copying 1 resource
2014-11-29 02:29:48,035 [Worker-18] WARN  o.e.m.c.i.embedder.EclipseLogger - Using platform encoding (US-ASCII actually) to copy filtered resources, i.e. build is platform dependent!
2014-11-29 02:29:48,036 [Worker-18] INFO  o.e.m.c.i.embedder.EclipseLogger - Copying 0 resource
2014-11-29 02:35:33,328 [Worker-22] WARN  o.e.m.c.i.embedder.EclipseLogger - Using platform encoding (US-ASCII actually) to copy filtered resources, i.e. build is platform dependent!
2014-11-29 02:35:33,330 [Worker-22] INFO  o.e.m.c.i.embedder.EclipseLogger - Copying 1 resource
2014-11-29 02:35:33,332 [Worker-22] WARN  o.e.m.c.i.embedder.EclipseLogger - Using platform encoding (US-ASCII actually) to copy filtered resources, i.e. build is platform dependent!
2014-11-29 02:35:33,333 [Worker-22] INFO  o.e.m.c.i.embedder.EclipseLogger - Copying 0 resource
2014-11-29 02:55:22,019 [Worker-30] INFO  o.e.m.c.i.l.LifecycleMappingFactory - Using org.eclipse.m2e.jdt.JarLifecycleMapping lifecycle mapping for MavenProject: org.teamsweq:DPZones:0.0.1-SNAPSHOT @ /Users/Josh/TeamSweq/DPZones/DPZones/pom.xml.
2014-11-29 02:55:22,799 [Worker-30] INFO  o.e.m.c.i.e.AbstractTransferListenerAdapter - Downloaded http://repo.maven.apache.org/maven2/org/bukkit/bukkit/1.7.9-R0.2/bukkit-1.7.9-R0.2.pom
2014-11-29 02:55:22,803 [Worker-30] WARN  o.e.m.c.i.embedder.EclipseLogger - The POM for org.bukkit:bukkit:jar:1.7.9-R0.2 is missing, no dependency information available
2014-11-29 02:55:22,917 [Worker-30] INFO  o.e.m.c.i.e.AbstractTransferListenerAdapter - Downloaded http://repo.maven.apache.org/maven2/org/kitteh/tagapi/3.0/tagapi-3.0.pom
2014-11-29 02:55:22,919 [Worker-30] WARN  o.e.m.c.i.embedder.EclipseLogger - The POM for org.kitteh:tagapi:jar:3.0 is missing, no dependency information available
2014-11-29 02:55:23,057 [Worker-30] INFO  o.e.m.c.i.e.AbstractTransferListenerAdapter - Downloaded http://repo.maven.apache.org/maven2/org/bukkit/bukkit/1.7.9-R0.2/bukkit-1.7.9-R0.2.jar
2014-11-29 02:55:23,147 [Worker-30] INFO  o.e.m.c.i.e.AbstractTransferListenerAdapter - Downloaded http://repo.maven.apache.org/maven2/org/kitteh/tagapi/3.0/tagapi-3.0.jar
2014-11-29 02:55:23,941 [Worker-30] WARN  o.e.m.c.i.embedder.EclipseLogger - Using platform encoding (US-ASCII actually) to copy filtered resources, i.e. build is platform dependent!
2014-11-29 02:55:23,942 [Worker-30] INFO  o.e.m.c.i.embedder.EclipseLogger - Copying 0 resource
2014-11-29 02:55:23,945 [Worker-30] WARN  o.e.m.c.i.embedder.EclipseLogger - Using platform encoding (US-ASCII actually) to copy filtered resources, i.e. build is platform dependent!
2014-11-29 02:55:23,946 [Worker-30] INFO  o.e.m.c.i.embedder.EclipseLogger - Copying 0 resource
2014-11-29 02:56:23,918 [Worker-27] INFO  o.e.m.c.i.p.ProjectConfigurationManager - Update started
2014-11-29 02:56:23,988 [Worker-27] INFO  o.e.m.c.i.l.LifecycleMappingFactory - Using org.eclipse.m2e.jdt.JarLifecycleMapping lifecycle mapping for MavenProject: org.teamsweq:DPZones:0.0.1-SNAPSHOT @ /Users/Josh/TeamSweq/DPZones/DPZones/pom.xml.
2014-11-29 02:56:23,991 [Worker-27] WARN  o.e.m.c.i.embedder.EclipseLogger - The POM for org.bukkit:bukkit:jar:1.7.9-R0.2 is missing, no dependency information available
2014-11-29 02:56:23,993 [Worker-27] WARN  o.e.m.c.i.embedder.EclipseLogger - The POM for org.kitteh:tagapi:jar:3.0 is missing, no dependency information available
2014-11-29 02:56:24,114 [Worker-27] INFO  o.e.m.j.i.AbstractJavaProjectConfigurator - Adding source folder /DPZones/src/main/java
2014-11-29 02:56:24,115 [Worker-27] INFO  o.e.m.j.i.AbstractJavaProjectConfigurator - Adding resource folder /DPZones/src/main/resources
2014-11-29 02:56:24,116 [Worker-27] INFO  o.e.m.j.i.AbstractJavaProjectConfigurator - Adding source folder /DPZones/src/test/java
2014-11-29 02:56:24,116 [Worker-27] INFO  o.e.m.j.i.AbstractJavaProjectConfigurator - Adding resource folder /DPZones/src/test/resources
2014-11-29 02:56:24,344 [Worker-27] INFO  o.e.m.c.i.p.ProjectConfigurationManager - Update completed: 0 sec
2014-11-29 02:56:24,464 [Worker-27] WARN  o.e.m.c.i.embedder.EclipseLogger - The POM for org.bukkit:bukkit:jar:1.7.9-R0.2 is missing, no dependency information available
2014-11-29 02:56:24,467 [Worker-27] WARN  o.e.m.c.i.embedder.EclipseLogger - The POM for org.kitteh:tagapi:jar:3.0 is missing, no dependency information available
2014-11-29 02:56:24,479 [Worker-27] WARN  o.e.m.c.i.embedder.EclipseLogger - Using platform encoding (US-ASCII actually) to copy filtered resources, i.e. build is platform dependent!
2014-11-29 02:56:24,481 [Worker-27] INFO  o.e.m.c.i.embedder.EclipseLogger - Copying 1 resource
2014-11-29 02:56:24,485 [Worker-27] WARN  o.e.m.c.i.embedder.EclipseLogger - Using platform encoding (US-ASCII actually) to copy filtered resources, i.e. build is platform dependent!
2014-11-29 02:56:24,486 [Worker-27] INFO  o.e.m.c.i.embedder.EclipseLogger - Copying 0 resource
2014-11-29 02:58:00,282 [Worker-32] INFO  o.e.m.c.i.l.LifecycleMappingFactory - Using org.eclipse.m2e.jdt.JarLifecycleMapping lifecycle mapping for MavenProject: org.teamsweq:DPZones:0.0.1-SNAPSHOT @ /Users/Josh/TeamSweq/DPZones/DPZones/pom.xml.
2014-11-29 02:58:00,347 [Worker-32] WARN  o.e.m.c.i.embedder.EclipseLogger - Using platform encoding (US-ASCII actually) to copy filtered resources, i.e. build is platform dependent!
2014-11-29 02:58:00,349 [Worker-32] INFO  o.e.m.c.i.embedder.EclipseLogger - Copying 0 resource
2014-11-29 02:58:00,351 [Worker-32] WARN  o.e.m.c.i.embedder.EclipseLogger - Using platform encoding (US-ASCII actually) to copy filtered resources, i.e. build is platform dependent!
2014-11-29 02:58:00,352 [Worker-32] INFO  o.e.m.c.i.embedder.EclipseLogger - Copying 0 resource
2014-11-29 02:58:01,792 [Worker-32] WARN  o.e.m.c.i.embedder.EclipseLogger - Using platform encoding (US-ASCII actually) to copy filtered resources, i.e. build is platform dependent!
2014-11-29 02:58:01,793 [Worker-32] INFO  o.e.m.c.i.embedder.EclipseLogger - Copying 1 resource
2014-11-29 02:58:01,797 [Worker-32] WARN  o.e.m.c.i.embedder.EclipseLogger - Using platform encoding (US-ASCII actually) to copy filtered resources, i.e. build is platform dependent!
2014-11-29 02:58:01,798 [Worker-32] INFO  o.e.m.c.i.embedder.EclipseLogger - Copying 0 resource
2014-11-29 03:05:04,186 [Worker-39] INFO  o.e.m.c.i.l.LifecycleMappingFactory - Using org.eclipse.m2e.jdt.JarLifecycleMapping lifecycle mapping for MavenProject: org.teamsweq:DPZones:0.0.1-SNAPSHOT @ /Users/Josh/TeamSweq/DPZones/DPZones/pom.xml.
2014-11-29 03:05:04,391 [Worker-39] INFO  o.e.m.c.i.e.AbstractTransferListenerAdapter - Downloaded http://repo.bukkit.org/content/groups/public/org/kitteh/tagapi/3.0.6/tagapi-3.0.6.pom
2014-11-29 03:05:04,550 [Worker-39] INFO  o.e.m.c.i.e.AbstractTransferListenerAdapter - Downloaded http://repo.maven.apache.org/maven2/org/kitteh/tagapi/3.0.6/tagapi-3.0.6.pom
2014-11-29 03:05:04,552 [Worker-39] WARN  o.e.m.c.i.embedder.EclipseLogger - The POM for org.kitteh:tagapi:jar:3.0.6 is missing, no dependency information available
2014-11-29 03:05:04,698 [Worker-39] INFO  o.e.m.c.i.e.AbstractTransferListenerAdapter - Downloaded http://repo.bukkit.org/content/groups/public/org/kitteh/tagapi/3.0.6/tagapi-3.0.6.jar
2014-11-29 03:05:04,815 [Worker-39] INFO  o.e.m.c.i.e.AbstractTransferListenerAdapter - Downloaded http://repo.maven.apache.org/maven2/org/kitteh/tagapi/3.0.6/tagapi-3.0.6.jar
2014-11-29 03:05:04,882 [Worker-39] WARN  o.e.m.c.i.embedder.EclipseLogger - Using platform encoding (US-ASCII actually) to copy filtered resources, i.e. build is platform dependent!
2014-11-29 03:05:04,884 [Worker-39] INFO  o.e.m.c.i.embedder.EclipseLogger - Copying 0 resource
2014-11-29 03:05:04,887 [Worker-39] WARN  o.e.m.c.i.embedder.EclipseLogger - Using platform encoding (US-ASCII actually) to copy filtered resources, i.e. build is platform dependent!
2014-11-29 03:05:04,888 [Worker-39] INFO  o.e.m.c.i.embedder.EclipseLogger - Copying 0 resource
2014-11-29 03:05:16,546 [Worker-36] INFO  o.e.m.c.i.p.ProjectConfigurationManager - Update started
2014-11-29 03:05:16,600 [Worker-36] INFO  o.e.m.c.i.l.LifecycleMappingFactory - Using org.eclipse.m2e.jdt.JarLifecycleMapping lifecycle mapping for MavenProject: org.teamsweq:DPZones:0.0.1-SNAPSHOT @ /Users/Josh/TeamSweq/DPZones/DPZones/pom.xml.
2014-11-29 03:05:16,610 [Worker-36] WARN  o.e.m.c.i.embedder.EclipseLogger - The POM for org.kitteh:tagapi:jar:3.0.6 is missing, no dependency information available
2014-11-29 03:05:16,704 [Worker-36] INFO  o.e.m.j.i.AbstractJavaProjectConfigurator - Adding source folder /DPZones/src/main/java
2014-11-29 03:05:16,705 [Worker-36] INFO  o.e.m.j.i.AbstractJavaProjectConfigurator - Adding resource folder /DPZones/src/main/resources
2014-11-29 03:05:16,705 [Worker-36] INFO  o.e.m.j.i.AbstractJavaProjectConfigurator - Adding source folder /DPZones/src/test/java
2014-11-29 03:05:16,705 [Worker-36] INFO  o.e.m.j.i.AbstractJavaProjectConfigurator - Adding resource folder /DPZones/src/test/resources
2014-11-29 03:05:16,806 [Worker-36] INFO  o.e.m.c.i.p.ProjectConfigurationManager - Update completed: 0 sec
2014-11-29 03:05:17,472 [Worker-40] WARN  o.e.m.c.i.embedder.EclipseLogger - The POM for org.kitteh:tagapi:jar:3.0.6 is missing, no dependency information available
2014-11-29 03:05:17,481 [Worker-40] WARN  o.e.m.c.i.embedder.EclipseLogger - Using platform encoding (US-ASCII actually) to copy filtered resources, i.e. build is platform dependent!
2014-11-29 03:05:17,482 [Worker-40] INFO  o.e.m.c.i.embedder.EclipseLogger - Copying 1 resource
2014-11-29 03:05:17,485 [Worker-40] WARN  o.e.m.c.i.embedder.EclipseLogger - Using platform encoding (US-ASCII actually) to copy filtered resources, i.e. build is platform dependent!
2014-11-29 03:05:17,509 [Worker-40] INFO  o.e.m.c.i.embedder.EclipseLogger - Copying 0 resource
2014-11-29 03:06:24,173 [Worker-38] INFO  o.e.m.c.i.l.LifecycleMappingFactory - Using org.eclipse.m2e.jdt.JarLifecycleMapping lifecycle mapping for MavenProject: org.teamsweq:DPZones:0.0.1-SNAPSHOT @ /Users/Josh/TeamSweq/DPZones/DPZones/pom.xml.
2014-11-29 03:06:24,350 [Worker-38] INFO  o.e.m.c.i.e.AbstractTransferListenerAdapter - Downloading http://repo.kitteh.org/content/repositories/public/org/kitteh/tagapi/3.0.6/tagapi-3.0.6.pom
2014-11-29 03:06:24,488 [Worker-38] INFO  o.e.m.c.i.e.AbstractTransferListenerAdapter - Downloaded http://repo.kitteh.org/content/repositories/public/org/kitteh/tagapi/3.0.6/tagapi-3.0.6.pom
2014-11-29 03:06:24,559 [Worker-38] INFO  o.e.m.c.i.e.AbstractTransferListenerAdapter - Downloading http://repo.kitteh.org/content/repositories/public/org/kitteh/tagapi/3.0.6/tagapi-3.0.6.jar
2014-11-29 03:06:24,806 [Worker-38] INFO  o.e.m.c.i.e.AbstractTransferListenerAdapter - Downloaded http://repo.kitteh.org/content/repositories/public/org/kitteh/tagapi/3.0.6/tagapi-3.0.6.jar
2014-11-29 03:06:24,871 [Worker-38] WARN  o.e.m.c.i.embedder.EclipseLogger - Using platform encoding (US-ASCII actually) to copy filtered resources, i.e. build is platform dependent!
2014-11-29 03:06:24,872 [Worker-38] INFO  o.e.m.c.i.embedder.EclipseLogger - Copying 0 resource
2014-11-29 03:06:24,873 [Worker-38] WARN  o.e.m.c.i.embedder.EclipseLogger - Using platform encoding (US-ASCII actually) to copy filtered resources, i.e. build is platform dependent!
2014-11-29 03:06:24,874 [Worker-38] INFO  o.e.m.c.i.embedder.EclipseLogger - Copying 0 resource
2014-11-29 03:06:26,253 [Worker-35] WARN  o.e.m.c.i.embedder.EclipseLogger - Using platform encoding (US-ASCII actually) to copy filtered resources, i.e. build is platform dependent!
2014-11-29 03:06:26,255 [Worker-35] INFO  o.e.m.c.i.embedder.EclipseLogger - Copying 1 resource
2014-11-29 03:06:26,261 [Worker-35] WARN  o.e.m.c.i.embedder.EclipseLogger - Using platform encoding (US-ASCII actually) to copy filtered resources, i.e. build is platform dependent!
2014-11-29 03:06:26,262 [Worker-35] INFO  o.e.m.c.i.embedder.EclipseLogger - Copying 0 resource
2014-11-29 03:06:34,055 [Worker-40] INFO  o.e.m.c.i.p.ProjectConfigurationManager - Update started
2014-11-29 03:06:34,129 [Worker-40] INFO  o.e.m.c.i.l.LifecycleMappingFactory - Using org.eclipse.m2e.jdt.JarLifecycleMapping lifecycle mapping for MavenProject: org.teamsweq:DPZones:0.0.1-SNAPSHOT @ /Users/Josh/TeamSweq/DPZones/DPZones/pom.xml.
2014-11-29 03:06:34,198 [Worker-40] INFO  o.e.m.j.i.AbstractJavaProjectConfigurator - Adding source folder /DPZones/src/main/java
2014-11-29 03:06:34,199 [Worker-40] INFO  o.e.m.j.i.AbstractJavaProjectConfigurator - Adding resource folder /DPZones/src/main/resources
2014-11-29 03:06:34,200 [Worker-40] INFO  o.e.m.j.i.AbstractJavaProjectConfigurator - Adding source folder /DPZones/src/test/java
2014-11-29 03:06:34,200 [Worker-40] INFO  o.e.m.j.i.AbstractJavaProjectConfigurator - Adding resource folder /DPZones/src/test/resources
2014-11-29 03:06:34,296 [Worker-40] INFO  o.e.m.c.i.p.ProjectConfigurationManager - Update completed: 0 sec
2014-11-29 03:06:34,932 [Worker-37] WARN  o.e.m.c.i.embedder.EclipseLogger - Using platform encoding (US-ASCII actually) to copy filtered resources, i.e. build is platform dependent!
2014-11-29 03:06:34,933 [Worker-37] INFO  o.e.m.c.i.embedder.EclipseLogger - Copying 1 resource
2014-11-29 03:06:34,937 [Worker-37] WARN  o.e.m.c.i.embedder.EclipseLogger - Using platform encoding (US-ASCII actually) to copy filtered resources, i.e. build is platform dependent!
2014-11-29 03:06:34,938 [Worker-37] INFO  o.e.m.c.i.embedder.EclipseLogger - Copying 0 resource
2014-11-29 03:07:05,201 [Worker-37] INFO  o.e.m.i.launch.MavenLaunchDelegate - /Users/Josh/TeamSweq/DPZones/DPZones
2014-11-29 03:07:05,201 [Worker-37] INFO  o.e.m.i.launch.MavenLaunchDelegate -  mvn  -B clean
2014-11-29 03:07:09,451 [Worker-39] WARN  o.e.m.c.i.embedder.EclipseLogger - Using platform encoding (US-ASCII actually) to copy filtered resources, i.e. build is platform dependent!
2014-11-29 03:07:09,452 [Worker-39] INFO  o.e.m.c.i.embedder.EclipseLogger - Copying 1 resource
2014-11-29 03:07:09,456 [Worker-39] WARN  o.e.m.c.i.embedder.EclipseLogger - Using platform encoding (US-ASCII actually) to copy filtered resources, i.e. build is platform dependent!
2014-11-29 03:07:09,458 [Worker-39] INFO  o.e.m.c.i.embedder.EclipseLogger - Copying 0 resource
2014-11-29 03:07:11,036 [Worker-24] INFO  o.e.m.i.launch.MavenLaunchDelegate - /Users/Josh/TeamSweq/DPZones/DPZones
2014-11-29 03:07:11,037 [Worker-24] INFO  o.e.m.i.launch.MavenLaunchDelegate -  mvn  -B install
2014-11-29 03:07:20,127 [Worker-39] WARN  o.e.m.c.i.embedder.EclipseLogger - Using platform encoding (US-ASCII actually) to copy filtered resources, i.e. build is platform dependent!
2014-11-29 03:07:20,128 [Worker-39] INFO  o.e.m.c.i.embedder.EclipseLogger - Copying 1 resource
2014-11-29 03:07:20,130 [Worker-39] WARN  o.e.m.c.i.embedder.EclipseLogger - Using platform encoding (US-ASCII actually) to copy filtered resources, i.e. build is platform dependent!
2014-11-29 03:07:20,130 [Worker-39] INFO  o.e.m.c.i.embedder.EclipseLogger - Copying 0 resource
